0 info it worked if it ends with ok
1 verbose cli [ 'node', '/usr/local/bin/npm', 'install', '-g', 'inoic' ]
2 info using npm@1.4.28
3 info using node@v0.10.33
4 verbose cache add [ 'inoic', null ]
5 verbose cache add name=undefined spec="inoic" args=["inoic",null]
6 verbose parsed url { protocol: null,
6 verbose parsed url   slashes: null,
6 verbose parsed url   auth: null,
6 verbose parsed url   host: null,
6 verbose parsed url   port: null,
6 verbose parsed url   hostname: null,
6 verbose parsed url   hash: null,
6 verbose parsed url   search: null,
6 verbose parsed url   query: null,
6 verbose parsed url   pathname: 'inoic',
6 verbose parsed url   path: 'inoic',
6 verbose parsed url   href: 'inoic' }
7 silly lockFile af8a05e4-inoic inoic
8 verbose lock inoic /Users/ApigeeCorporation/.npm/af8a05e4-inoic.lock
9 silly lockFile af8a05e4-inoic inoic
10 silly lockFile af8a05e4-inoic inoic
11 verbose addNamed [ 'inoic', '' ]
12 verbose addNamed [ null, '*' ]
13 silly lockFile 37797ebf-inoic inoic@
14 verbose lock inoic@ /Users/ApigeeCorporation/.npm/37797ebf-inoic.lock
15 silly addNameRange { name: 'inoic', range: '*', hasData: false }
16 verbose request where is /inoic
17 verbose request registry https://registry.npmjs.org/
18 verbose request id 31a14b02478ba10d
19 verbose url raw /inoic
20 verbose url resolving [ 'https://registry.npmjs.org/', './inoic' ]
21 verbose url resolved https://registry.npmjs.org/inoic
22 verbose request where is https://registry.npmjs.org/inoic
23 info trying registry request attempt 1 at 17:25:48
24 http GET https://registry.npmjs.org/inoic
25 http 404 https://registry.npmjs.org/inoic
26 verbose headers { server: 'CouchDB/1.5.0 (Erlang OTP/R16B03)',
26 verbose headers   'content-type': 'application/json',
26 verbose headers   'cache-control': 'max-age=0',
26 verbose headers   'content-length': '51',
26 verbose headers   'accept-ranges': 'bytes',
26 verbose headers   date: 'Thu, 18 Jun 2015 00:25:48 GMT',
26 verbose headers   via: '1.1 varnish',
26 verbose headers   age: '0',
26 verbose headers   connection: 'keep-alive',
26 verbose headers   'x-served-by': 'cache-lax1424-LAX',
26 verbose headers   'x-cache': 'MISS',
26 verbose headers   'x-cache-hits': '0',
26 verbose headers   'x-timer': 'S1434587148.660253,VS0,VE49' }
27 silly registry.get cb [ 404,
27 silly registry.get   { server: 'CouchDB/1.5.0 (Erlang OTP/R16B03)',
27 silly registry.get     'content-type': 'application/json',
27 silly registry.get     'cache-control': 'max-age=0',
27 silly registry.get     'content-length': '51',
27 silly registry.get     'accept-ranges': 'bytes',
27 silly registry.get     date: 'Thu, 18 Jun 2015 00:25:48 GMT',
27 silly registry.get     via: '1.1 varnish',
27 silly registry.get     age: '0',
27 silly registry.get     connection: 'keep-alive',
27 silly registry.get     'x-served-by': 'cache-lax1424-LAX',
27 silly registry.get     'x-cache': 'MISS',
27 silly registry.get     'x-cache-hits': '0',
27 silly registry.get     'x-timer': 'S1434587148.660253,VS0,VE49' } ]
28 silly lockFile 37797ebf-inoic inoic@
29 silly lockFile 37797ebf-inoic inoic@
30 error 404 404 Not Found: inoic
30 error 404
30 error 404 'inoic' is not in the npm registry.
30 error 404 You should bug the author to publish it
30 error 404
30 error 404 Note that you can also install from a
30 error 404 tarball, folder, or http url, or git url.
31 error System Darwin 14.3.0
32 error command "node" "/usr/local/bin/npm" "install" "-g" "inoic"
33 error cwd /Users/ApigeeCorporation/Desktop/test
34 error node -v v0.10.33
35 error npm -v 1.4.28
36 error code E404
37 verbose exit [ 1, true ]
